<?xml version="1.0" encoding="UTF-8"?>
<testng-results ignored="0" total="1" passed="1" failed="0" skipped="0">
  <reporter-output>
  </reporter-output>
  <suite started-at="2023-06-04T00:07:28 IST" name="Suite" finished-at="2023-06-04T00:07:38 IST" duration-ms="9876">
    <groups>
    </groups>
    <test started-at="2023-06-04T00:07:28 IST" name="Test" finished-at="2023-06-04T00:07:38 IST" duration-ms="9876">
      <class name="testPackage.ValidLoginTestCase">
        <test-method is-config="true" signature="setUp()[pri:0, instance:testPackage.ValidLoginTestCase@32eff876]" started-at="2023-06-04T00:07:28 IST" name="setUp" finished-at="2023-06-04T00:07:36 IST" duration-ms="7966" status="PASS">
          <reporter-output>
          </reporter-output>
        </test-method> <!-- setUp -->
        <test-method signature="validLoginMethod()[pri:0, instance:testPackage.ValidLoginTestCase@32eff876]" started-at="2023-06-04T00:07:36 IST" name="validLoginMethod" finished-at="2023-06-04T00:07:37 IST" duration-ms="1059" status="PASS">
          <reporter-output>
          </reporter-output>
        </test-method> <!-- validLoginMethod -->
        <test-method is-config="true" signature="tearDown()[pri:0, instance:testPackage.ValidLoginTestCase@32eff876]" started-at="2023-06-04T00:07:37 IST" name="tearDown" finished-at="2023-06-04T00:07:38 IST" duration-ms="783" status="PASS">
          <reporter-output>
          </reporter-output>
        </test-method> <!-- tearDown -->
      </class> <!-- testPackage.ValidLoginTestCase -->
    </test> <!-- Test -->
  </suite> <!-- Suite -->
</testng-results>
