<?xml version="1.0" encoding="UTF-8"?>
<!-- Generated by org.testng.reporters.JUnitXMLReporter -->
<testsuite ignored="2" hostname="DESKTOP-4RV143A" failures="1" tests="1" name="Test(failed)" time="0.12" errors="0" timestamp="2023-05-23T19:19:22 IST">
  <testcase classname="testNGpack.Test2" name="h" time="0.025">
    <failure type="java.lang.ArithmeticException" message="/ by zero">
      <![CDATA[java.lang.ArithmeticException: / by zero
at testNGpack.Test2.h(Test2.java:21)
at java.base/java.util.ArrayList.forEach(ArrayList.java:1511)
... Removed 25 stack frames]]>
    </failure>
  </testcase> <!-- h -->
  <testcase classname="testNGpack.Test2" name="g" time="0.0">
    <ignored/>
  </testcase> <!-- g -->
  <testcase classname="testNGpack.Test2" name="f" time="0.0">
    <ignored/>
  </testcase> <!-- f -->
</testsuite> <!-- Test(failed) -->
