<?xml version="1.0" encoding="UTF-8"?>
<!-- Generated by org.testng.reporters.JUnitXMLReporter -->
<testsuite ignored="0" hostname="DESKTOP-4RV143A" failures="0" tests="9" name="Test" time="0.195" errors="0" timestamp="2023-05-23T19:20:55 IST">
  <testcase classname="testNGpack.Test1" name="a" time="0.033"/>
  <testcase classname="testNGpack.Test1" name="b" time="0.004"/>
  <testcase classname="testNGpack.Test1" name="c" time="0.003"/>
  <testcase classname="testNGpack.Test3" name="x" time="0.002"/>
  <testcase classname="testNGpack.Test3" name="y" time="0.005"/>
  <testcase classname="testNGpack.Test3" name="z" time="0.004"/>
  <testcase classname="testNGpack.Test2" name="f" time="0.004"/>
  <testcase classname="testNGpack.Test2" name="g" time="0.004"/>
  <testcase classname="testNGpack.Test2" name="h" time="0.004"/>
</testsuite> <!-- Test -->
