<?xml version="1.0" encoding="UTF-8"?>
<!-- Generated by org.testng.reporters.JUnitXMLReporter -->
<testsuite ignored="1" hostname="DESKTOP-4RV143A" failures="0" tests="1" name="Default test" time="0.165" errors="0" timestamp="2023-05-24T22:25:12 IST">
  <testcase classname="testNGpack.ParellelMethodExe" name="method2" time="0.022"/>
  <testcase classname="testNGpack.ParellelMethodExe" name="method1" time="0.0">
    <ignored/>
  </testcase> <!-- method1 -->
</testsuite> <!-- Default test -->
