<?xml version="1.0" encoding="UTF-8"?>
<!-- Generated by org.testng.reporters.JUnitXMLReporter -->
<testsuite ignored="0" hostname="DESKTOP-V4KJTOL" failures="0" tests="3" name="Default test" time="0.204" errors="0" timestamp="2023-07-14T21:45:15 IST">
  <testcase classname="testNGFlags.AllwaysRun" name="f" time="0.018"/>
  <testcase classname="testNGFlags.AllwaysRun" name="g" time="0.003"/>
  <testcase classname="testNGFlags.AllwaysRun" name="h" time="0.011"/>
</testsuite> <!-- Default test -->
