<?xml version="1.0" encoding="UTF-8"?>
<testng-results ignored="0" total="3" passed="3" failed="0" skipped="0">
  <reporter-output>
    <line>
      <![CDATA[where is Selenium]]>
    </line>
    <line>
      <![CDATA[Hiii TestNg!!!!!]]>
    </line>
    <line>
      <![CDATA[Hiiiii Java]]>
    </line>
  </reporter-output>
  <suite started-at="2023-05-22T22:22:11 IST" name="Suite" finished-at="2023-05-22T22:22:12 IST" duration-ms="231">
    <groups>
    </groups>
    <test started-at="2023-05-22T22:22:11 IST" name="Test" finished-at="2023-05-22T22:22:12 IST" duration-ms="231">
      <class name="testNGpackage.Remo">
        <test-method signature="remo()[pri:0, instance:testNGpackage.Remo@1c93084c]" started-at="2023-05-22T22:22:12 IST" name="remo" finished-at="2023-05-22T22:22:12 IST" duration-ms="6" status="PASS">
          <reporter-output>
            <line>
              <![CDATA[Hiiiii Java]]>
            </line>
          </reporter-output>
        </test-method> <!-- remo -->
      </class> <!-- testNGpackage.Remo -->
      <class name="testNGpackage.Demo">
        <test-method signature="demo()[pri:0, instance:testNGpackage.Demo@5be6e01c]" started-at="2023-05-22T22:22:11 IST" name="demo" finished-at="2023-05-22T22:22:11 IST" duration-ms="7" status="PASS">
          <reporter-output>
            <line>
              <![CDATA[Hiii TestNg!!!!!]]>
            </line>
          </reporter-output>
        </test-method> <!-- demo -->
      </class> <!-- testNGpackage.Demo -->
      <class name="testNGpackage.Chemo">
        <test-method signature="chemo()[pri:0, instance:testNGpackage.Chemo@460d0a57]" started-at="2023-05-22T22:22:11 IST" name="chemo" finished-at="2023-05-22T22:22:11 IST" duration-ms="33" status="PASS">
          <reporter-output>
            <line>
              <![CDATA[where is Selenium]]>
            </line>
          </reporter-output>
        </test-method> <!-- chemo -->
      </class> <!-- testNGpackage.Chemo -->
    </test> <!-- Test -->
  </suite> <!-- Suite -->
</testng-results>
