<?xml version="1.0" encoding="UTF-8"?>
<testng-results ignored="0" total="3" passed="3" failed="0" skipped="0">
  <reporter-output>
  </reporter-output>
  <suite started-at="2023-05-23T20:26:03 IST" name="Default suite" finished-at="2023-05-23T20:26:42 IST" duration-ms="39065">
    <groups>
    </groups>
    <test started-at="2023-05-23T20:26:03 IST" name="Default test" finished-at="2023-05-23T20:26:42 IST" duration-ms="39065">
      <class name="testNGAnnotation.GoogleSearchTestCase">
        <test-method is-config="true" signature="propertyMethod()[pri:0, instance:testNGAnnotation.GoogleSearchTestCase@9225652]" started-at="2023-05-23T20:26:03 IST" name="propertyMethod" finished-at="2023-05-23T20:26:03 IST" duration-ms="16" status="PASS">
          <reporter-output>
          </reporter-output>
        </test-method> <!-- propertyMethod -->
        <test-method is-config="true" signature="setUp()[pri:0, instance:testNGAnnotation.GoogleSearchTestCase@9225652]" started-at="2023-05-23T20:26:03 IST" name="setUp" finished-at="2023-05-23T20:26:12 IST" duration-ms="8642" status="PASS">
          <reporter-output>
          </reporter-output>
        </test-method> <!-- setUp -->
        <test-method signature="search1()[pri:0, instance:testNGAnnotation.GoogleSearchTestCase@9225652]" started-at="2023-05-23T20:26:12 IST" name="search1" finished-at="2023-05-23T20:26:12 IST" duration-ms="457" status="PASS">
          <reporter-output>
          </reporter-output>
        </test-method> <!-- search1 -->
        <test-method is-config="true" signature="tearDown()[pri:0, instance:testNGAnnotation.GoogleSearchTestCase@9225652]" started-at="2023-05-23T20:26:12 IST" name="tearDown" finished-at="2023-05-23T20:26:15 IST" duration-ms="2559" status="PASS">
          <reporter-output>
          </reporter-output>
        </test-method> <!-- tearDown -->
        <test-method is-config="true" signature="setUp()[pri:0, instance:testNGAnnotation.GoogleSearchTestCase@9225652]" started-at="2023-05-23T20:26:15 IST" name="setUp" finished-at="2023-05-23T20:26:22 IST" duration-ms="7140" status="PASS">
          <reporter-output>
          </reporter-output>
        </test-method> <!-- setUp -->
        <test-method signature="search2()[pri:0, instance:testNGAnnotation.GoogleSearchTestCase@9225652]" started-at="2023-05-23T20:26:22 IST" name="search2" finished-at="2023-05-23T20:26:29 IST" duration-ms="7208" status="PASS">
          <reporter-output>
          </reporter-output>
        </test-method> <!-- search2 -->
        <test-method is-config="true" signature="tearDown()[pri:0, instance:testNGAnnotation.GoogleSearchTestCase@9225652]" started-at="2023-05-23T20:26:29 IST" name="tearDown" finished-at="2023-05-23T20:26:33 IST" duration-ms="3271" status="PASS">
          <reporter-output>
          </reporter-output>
        </test-method> <!-- tearDown -->
        <test-method is-config="true" signature="setUp()[pri:0, instance:testNGAnnotation.GoogleSearchTestCase@9225652]" started-at="2023-05-23T20:26:33 IST" name="setUp" finished-at="2023-05-23T20:26:39 IST" duration-ms="6579" status="PASS">
          <reporter-output>
          </reporter-output>
        </test-method> <!-- setUp -->
        <test-method signature="search3()[pri:0, instance:testNGAnnotation.GoogleSearchTestCase@9225652]" started-at="2023-05-23T20:26:39 IST" name="search3" finished-at="2023-05-23T20:26:40 IST" duration-ms="535" status="PASS">
          <reporter-output>
          </reporter-output>
        </test-method> <!-- search3 -->
        <test-method is-config="true" signature="tearDown()[pri:0, instance:testNGAnnotation.GoogleSearchTestCase@9225652]" started-at="2023-05-23T20:26:40 IST" name="tearDown" finished-at="2023-05-23T20:26:42 IST" duration-ms="2563" status="PASS">
          <reporter-output>
          </reporter-output>
        </test-method> <!-- tearDown -->
      </class> <!-- testNGAnnotation.GoogleSearchTestCase -->
    </test> <!-- Default test -->
  </suite> <!-- Default suite -->
</testng-results>
